# JRE version: OpenJDK Runtime Environment (8.0_152-b01) (build 1.8.0_152-release-1248-b01)
# Java VM: OpenJDK 64-Bit Server VM (25.152-b01 mixed mode windows-amd64 compressed oops)
Heap:
 PSYoungGen      total 181248K, used 27402K [0x00000000e0000000, 0x00000000ee280000, 0x0000000100000000)
  eden space 175616K, 12% used [0x00000000e0000000,0x00000000e1546a58,0x00000000eab80000)
  from space 5632K, 99% used [0x00000000ed680000,0x00000000edbfc010,0x00000000edc00000)
  to   space 28160K, 0% used [0x00000000eab80000,0x00000000eab80000,0x00000000ec700000)
 ParOldGen       total 215040K, used 57583K [0x00000000a0000000, 0x00000000ad200000, 0x00000000e0000000)
  object space 215040K, 26% used [0x00000000a0000000,0x00000000a383be28,0x00000000ad200000)
 Metaspace       used 90147K, capacity 93214K, committed 93440K, reserved 1130496K
  class space    used 11476K, capacity 12164K, committed 12288K, reserved 1048576K
GC Heap History (10 events):
Event: 265.197 GC heap before
{Heap before GC invocations=13 (full 3):
 PSYoungGen      total 182272K, used 163840K [0x00000000e0000000, 0x00000000f0080000, 0x0000000100000000)
  eden space 163840K, 100% used [0x00000000e0000000,0x00000000ea000000,0x00000000ea000000)
  from space 18432K, 0% used [0x00000000ea000000,0x00000000ea000000,0x00000000eb200000)
  to   space 20480K, 0% used [0x00000000eec80000,0x00000000eec80000,0x00000000f0080000)
 ParOldGen       total 215040K, used 32300K [0x00000000a0000000, 0x00000000ad200000, 0x00000000e0000000)
  object space 215040K, 15% used [0x00000000a0000000,0x00000000a1f8b328,0x00000000ad200000)
 Metaspace       used 63486K, capacity 65312K, committed 65536K, reserved 1105920K
  class space    used 8467K, capacity 8929K, committed 8960K, reserved 1048576K
Event: 265.325 GC heap after
Heap after GC invocations=13 (full 3):
 PSYoungGen      total 205824K, used 11835K [0x00000000e0000000, 0x00000000ef880000, 0x0000000100000000)
  eden space 193536K, 0% used [0x00000000e0000000,0x00000000e0000000,0x00000000ebd00000)
  from space 12288K, 96% used [0x00000000eec80000,0x00000000ef80ec68,0x00000000ef880000)
  to   space 19968K, 0% used [0x00000000ed180000,0x00000000ed180000,0x00000000ee500000)
 ParOldGen       total 215040K, used 32308K [0x00000000a0000000, 0x00000000ad200000, 0x00000000e0000000)
  object space 215040K, 15% used [0x00000000a0000000,0x00000000a1f8d328,0x00000000ad200000)
 Metaspace       used 63486K, capacity 65312K, committed 65536K, reserved 1105920K
  class space    used 8467K, capacity 8929K, committed 8960K, reserved 1048576K
}
Event: 1822.674 GC heap before
{Heap before GC invocations=14 (full 3):
 PSYoungGen      total 205824K, used 205371K [0x00000000e0000000, 0x00000000ef880000, 0x0000000100000000)
  eden space 193536K, 100% used [0x00000000e0000000,0x00000000ebd00000,0x00000000ebd00000)
  from space 12288K, 96% used [0x00000000eec80000,0x00000000ef80ec68,0x00000000ef880000)
  to   space 19968K, 0% used [0x00000000ed180000,0x00000000ed180000,0x00000000ee500000)
 ParOldGen       total 215040K, used 32308K [0x00000000a0000000, 0x00000000ad200000, 0x00000000e0000000)
  object space 215040K, 15% used [0x00000000a0000000,0x00000000a1f8d328,0x00000000ad200000)
 Metaspace       used 65003K, capacity 67210K, committed 67456K, reserved 1107968K
  class space    used 8538K, capacity 9072K, committed 9088K, reserved 1048576K
Event: 1822.695 GC heap after
Heap after GC invocations=14 (full 3):
 PSYoungGen      total 199168K, used 9816K [0x00000000e0000000, 0x00000000eed00000, 0x0000000100000000)
  eden space 188928K, 0% used [0x00000000e0000000,0x00000000e0000000,0x00000000eb880000)
  from space 10240K, 95% used [0x00000000ed180000,0x00000000edb16050,0x00000000edb80000)
  to   space 17920K, 0% used [0x00000000edb80000,0x00000000edb80000,0x00000000eed00000)
 ParOldGen       total 215040K, used 32316K [0x00000000a0000000, 0x00000000ad200000, 0x00000000e0000000)
  object space 215040K, 15% used [0x00000000a0000000,0x00000000a1f8f328,0x00000000ad200000)
 Metaspace       used 65003K, capacity 67210K, committed 67456K, reserved 1107968K
  class space    used 8538K, capacity 9072K, committed 9088K, reserved 1048576K
}
Event: 1850.192 GC heap before
{Heap before GC invocations=15 (full 3):
 PSYoungGen      total 199168K, used 198744K [0x00000000e0000000, 0x00000000eed00000, 0x0000000100000000)
  eden space 188928K, 100% used [0x00000000e0000000,0x00000000eb880000,0x00000000eb880000)
  from space 10240K, 95% used [0x00000000ed180000,0x00000000edb16050,0x00000000edb80000)
  to   space 17920K, 0% used [0x00000000edb80000,0x00000000edb80000,0x00000000eed00000)
 ParOldGen       total 215040K, used 32316K [0x00000000a0000000, 0x00000000ad200000, 0x00000000e0000000)
  object space 215040K, 15% used [0x00000000a0000000,0x00000000a1f8f328,0x00000000ad200000)
 Metaspace       used 73308K, capacity 75982K, committed 76288K, reserved 1116160K
  class space    used 9551K, capacity 10178K, committed 10240K, reserved 1048576K
Event: 1850.210 GC heap after
Heap after GC invocations=15 (full 3):
 PSYoungGen      total 202240K, used 17863K [0x00000000e0000000, 0x00000000eed00000, 0x0000000100000000)
  eden space 184320K, 0% used [0x00000000e0000000,0x00000000e0000000,0x00000000eb400000)
  from space 17920K, 99% used [0x00000000edb80000,0x00000000eecf1e90,0x00000000eed00000)
  to   space 20992K, 0% used [0x00000000ec400000,0x00000000ec400000,0x00000000ed880000)
 ParOldGen       total 215040K, used 32324K [0x00000000a0000000, 0x00000000ad200000, 0x00000000e0000000)
  object space 215040K, 15% used [0x00000000a0000000,0x00000000a1f91328,0x00000000ad200000)
 Metaspace       used 73308K, capacity 75982K, committed 76288K, reserved 1116160K
  class space    used 9551K, capacity 10178K, committed 10240K, reserved 1048576K
}
Event: 1858.694 GC heap before
{Heap before GC invocations=16 (full 3):
 PSYoungGen      total 202240K, used 202183K [0x00000000e0000000, 0x00000000eed00000, 0x0000000100000000)
  eden space 184320K, 100% used [0x00000000e0000000,0x00000000eb400000,0x00000000eb400000)
  from space 17920K, 99% used [0x00000000edb80000,0x00000000eecf1e90,0x00000000eed00000)
  to   space 20992K, 0% used [0x00000000ec400000,0x00000000ec400000,0x00000000ed880000)
 ParOldGen       total 215040K, used 32324K [0x00000000a0000000, 0x00000000ad200000, 0x00000000e0000000)
  object space 215040K, 15% used [0x00000000a0000000,0x00000000a1f91328,0x00000000ad200000)
 Metaspace       used 75801K, capacity 78484K, committed 78848K, reserved 1118208K
  class space    used 9795K, capacity 10423K, committed 10496K, reserved 1048576K
Event: 1858.723 GC heap after
Heap after GC invocations=16 (full 3):
 PSYoungGen      total 198656K, used 18651K [0x00000000e0000000, 0x00000000edc00000, 0x0000000100000000)
  eden space 179712K, 0% used [0x00000000e0000000,0x00000000e0000000,0x00000000eaf80000)
  from space 18944K, 98% used [0x00000000ec400000,0x00000000ed636f10,0x00000000ed680000)
  to   space 5632K, 0% used [0x00000000ed680000,0x00000000ed680000,0x00000000edc00000)
 ParOldGen       total 215040K, used 32332K [0x00000000a0000000, 0x00000000ad200000, 0x00000000e0000000)
  object space 215040K, 15% used [0x00000000a0000000,0x00000000a1f93328,0x00000000ad200000)
 Metaspace       used 75801K, capacity 78484K, committed 78848K, reserved 1118208K
  class space    used 9795K, capacity 10423K, committed 10496K, reserved 1048576K
}
Event: 1865.031 GC heap before
{Heap before GC invocations=17 (full 3):
 PSYoungGen      total 198656K, used 198363K [0x00000000e0000000, 0x00000000edc00000, 0x0000000100000000)
  eden space 179712K, 100% used [0x00000000e0000000,0x00000000eaf80000,0x00000000eaf80000)
  from space 18944K, 98% used [0x00000000ec400000,0x00000000ed636f10,0x00000000ed680000)
  to   space 5632K, 0% used [0x00000000ed680000,0x00000000ed680000,0x00000000edc00000)
 ParOldGen       total 215040K, used 32332K [0x00000000a0000000, 0x00000000ad200000, 0x00000000e0000000)
  object space 215040K, 15% used [0x00000000a0000000,0x00000000a1f93328,0x00000000ad200000)
 Metaspace       used 89650K, capacity 92628K, committed 92800K, reserved 1130496K
  class space    used 11443K, capacity 12125K, committed 12160K, reserved 1048576K
Event: 1865.065 GC heap after
Heap after GC invocations=17 (full 3):
 PSYoungGen      total 181248K, used 5616K [0x00000000e0000000, 0x00000000ee280000, 0x0000000100000000)
  eden space 175616K, 0% used [0x00000000e0000000,0x00000000e0000000,0x00000000eab80000)
  from space 5632K, 99% used [0x00000000ed680000,0x00000000edbfc010,0x00000000edc00000)
  to   space 28160K, 0% used [0x00000000eab80000,0x00000000eab80000,0x00000000ec700000)
 ParOldGen       total 215040K, used 57583K [0x00000000a0000000, 0x00000000ad200000, 0x00000000e0000000)
  object space 215040K, 26% used [0x00000000a0000000,0x00000000a383be28,0x00000000ad200000)
 Metaspace       used 89650K, capacity 92628K, committed 92800K, reserved 1130496K
  class space    used 11443K, capacity 12125K, committed 12160K, reserved 1048576K
}

