# JRE version: OpenJDK Runtime Environment (8.0_152-b01) (build 1.8.0_152-release-1248-b01)
# Java VM: OpenJDK 64-Bit Server VM (25.152-b01 mixed mode windows-amd64 compressed oops)
Heap:
 PSYoungGen      total 395776K, used 291542K [0x00000000e0000000, 0x00000000ff180000, 0x0000000100000000)
  eden space 353280K, 82% used [0x00000000e0000000,0x00000000f1cb59e8,0x00000000f5900000)
  from space 42496K, 0% used [0x00000000f5900000,0x00000000f5900000,0x00000000f8280000)
  to   space 42496K, 0% used [0x00000000fc800000,0x00000000fc800000,0x00000000ff180000)
 ParOldGen       total 229376K, used 46038K [0x00000000a0000000, 0x00000000ae000000, 0x00000000e0000000)
  object space 229376K, 20% used [0x00000000a0000000,0x00000000a2cf59d8,0x00000000ae000000)
 Metaspace       used 95610K, capacity 99034K, committed 99544K, reserved 1136640K
  class space    used 11965K, capacity 12698K, committed 12800K, reserved 1048576K
GC Heap History (10 events):
Event: 342.179 GC heap before
{Heap before GC invocations=27 (full 3):
 PSYoungGen      total 332288K, used 324615K [0x00000000e0000000, 0x00000000f7f00000, 0x0000000100000000)
  eden space 296448K, 100% used [0x00000000e0000000,0x00000000f2180000,0x00000000f2180000)
  from space 35840K, 78% used [0x00000000f2180000,0x00000000f3d01d80,0x00000000f4480000)
  to   space 36352K, 0% used [0x00000000f4480000,0x00000000f4480000,0x00000000f6800000)
 ParOldGen       total 229376K, used 45900K [0x00000000a0000000, 0x00000000ae000000, 0x00000000e0000000)
  object space 229376K, 20% used [0x00000000a0000000,0x00000000a2cd32f8,0x00000000ae000000)
 Metaspace       used 92640K, capacity 95814K, committed 95960K, reserved 1132544K
  class space    used 11573K, capacity 12268K, committed 12288K, reserved 1048576K
Event: 342.248 GC heap after
Heap after GC invocations=27 (full 3):
 PSYoungGen      total 326144K, used 26845K [0x00000000e0000000, 0x00000000fd100000, 0x0000000100000000)
  eden space 289792K, 0% used [0x00000000e0000000,0x00000000e0000000,0x00000000f1b00000)
  from space 36352K, 73% used [0x00000000f4480000,0x00000000f5eb77a8,0x00000000f6800000)
  to   space 42496K, 0% used [0x00000000f1b00000,0x00000000f1b00000,0x00000000f4480000)
 ParOldGen       total 229376K, used 53904K [0x00000000a0000000, 0x00000000ae000000, 0x00000000e0000000)
  object space 229376K, 23% used [0x00000000a0000000,0x00000000a34a43f8,0x00000000ae000000)
 Metaspace       used 92640K, capacity 95814K, committed 95960K, reserved 1132544K
  class space    used 11573K, capacity 12268K, committed 12288K, reserved 1048576K
}
Event: 344.747 GC heap before
{Heap before GC invocations=28 (full 3):
 PSYoungGen      total 326144K, used 316637K [0x00000000e0000000, 0x00000000fd100000, 0x0000000100000000)
  eden space 289792K, 100% used [0x00000000e0000000,0x00000000f1b00000,0x00000000f1b00000)
  from space 36352K, 73% used [0x00000000f4480000,0x00000000f5eb77a8,0x00000000f6800000)
  to   space 42496K, 0% used [0x00000000f1b00000,0x00000000f1b00000,0x00000000f4480000)
 ParOldGen       total 229376K, used 53904K [0x00000000a0000000, 0x00000000ae000000, 0x00000000e0000000)
  object space 229376K, 23% used [0x00000000a0000000,0x00000000a34a43f8,0x00000000ae000000)
 Metaspace       used 93095K, capacity 96336K, committed 96600K, reserved 1134592K
  class space    used 11626K, capacity 12323K, committed 12416K, reserved 1048576K
Event: 344.776 GC heap after
Heap after GC invocations=28 (full 3):
 PSYoungGen      total 332288K, used 14676K [0x00000000e0000000, 0x00000000fad80000, 0x0000000100000000)
  eden space 289792K, 0% used [0x00000000e0000000,0x00000000e0000000,0x00000000f1b00000)
  from space 42496K, 34% used [0x00000000f1b00000,0x00000000f2955100,0x00000000f4480000)
  to   space 41472K, 0% used [0x00000000f8500000,0x00000000f8500000,0x00000000fad80000)
 ParOldGen       total 229376K, used 61363K [0x00000000a0000000, 0x00000000ae000000, 0x00000000e0000000)
  object space 229376K, 26% used [0x00000000a0000000,0x00000000a3bece80,0x00000000ae000000)
 Metaspace       used 93095K, capacity 96336K, committed 96600K, reserved 1134592K
  class space    used 11626K, capacity 12323K, committed 12416K, reserved 1048576K
}
Event: 348.981 GC heap before
{Heap before GC invocations=29 (full 3):
 PSYoungGen      total 332288K, used 304468K [0x00000000e0000000, 0x00000000fad80000, 0x0000000100000000)
  eden space 289792K, 100% used [0x00000000e0000000,0x00000000f1b00000,0x00000000f1b00000)
  from space 42496K, 34% used [0x00000000f1b00000,0x00000000f2955100,0x00000000f4480000)
  to   space 41472K, 0% used [0x00000000f8500000,0x00000000f8500000,0x00000000fad80000)
 ParOldGen       total 229376K, used 61363K [0x00000000a0000000, 0x00000000ae000000, 0x00000000e0000000)
  object space 229376K, 26% used [0x00000000a0000000,0x00000000a3bece80,0x00000000ae000000)
 Metaspace       used 93546K, capacity 96778K, committed 96856K, reserved 1134592K
  class space    used 11673K, capacity 12374K, committed 12416K, reserved 1048576K
Event: 348.997 GC heap after
Heap after GC invocations=29 (full 3):
 PSYoungGen      total 393216K, used 2376K [0x00000000e0000000, 0x00000000fac00000, 0x0000000100000000)
  eden space 353280K, 0% used [0x00000000e0000000,0x00000000e0000000,0x00000000f5900000)
  from space 39936K, 5% used [0x00000000f8500000,0x00000000f8752000,0x00000000fac00000)
  to   space 42496K, 0% used [0x00000000f5900000,0x00000000f5900000,0x00000000f8280000)
 ParOldGen       total 229376K, used 64643K [0x00000000a0000000, 0x00000000ae000000, 0x00000000e0000000)
  object space 229376K, 28% used [0x00000000a0000000,0x00000000a3f20d20,0x00000000ae000000)
 Metaspace       used 93546K, capacity 96778K, committed 96856K, reserved 1134592K
  class space    used 11673K, capacity 12374K, committed 12416K, reserved 1048576K
}
Event: 356.717 GC heap before
{Heap before GC invocations=30 (full 3):
 PSYoungGen      total 393216K, used 192593K [0x00000000e0000000, 0x00000000fac00000, 0x0000000100000000)
  eden space 353280K, 53% used [0x00000000e0000000,0x00000000eb9c2788,0x00000000f5900000)
  from space 39936K, 5% used [0x00000000f8500000,0x00000000f8752000,0x00000000fac00000)
  to   space 42496K, 0% used [0x00000000f5900000,0x00000000f5900000,0x00000000f8280000)
 ParOldGen       total 229376K, used 64643K [0x00000000a0000000, 0x00000000ae000000, 0x00000000e0000000)
  object space 229376K, 28% used [0x00000000a0000000,0x00000000a3f20d20,0x00000000ae000000)
 Metaspace       used 94937K, capacity 98376K, committed 98496K, reserved 1134592K
  class space    used 11862K, capacity 12579K, committed 12672K, reserved 1048576K
Event: 356.727 GC heap after
Heap after GC invocations=30 (full 3):
 PSYoungGen      total 395776K, used 2403K [0x00000000e0000000, 0x00000000ff180000, 0x0000000100000000)
  eden space 353280K, 0% used [0x00000000e0000000,0x00000000e0000000,0x00000000f5900000)
  from space 42496K, 5% used [0x00000000f5900000,0x00000000f5b58db0,0x00000000f8280000)
  to   space 42496K, 0% used [0x00000000fc800000,0x00000000fc800000,0x00000000ff180000)
 ParOldGen       total 229376K, used 64723K [0x00000000a0000000, 0x00000000ae000000, 0x00000000e0000000)
  object space 229376K, 28% used [0x00000000a0000000,0x00000000a3f34d20,0x00000000ae000000)
 Metaspace       used 94937K, capacity 98376K, committed 98496K, reserved 1134592K
  class space    used 11862K, capacity 12579K, committed 12672K, reserved 1048576K
}
Event: 356.727 GC heap before
{Heap before GC invocations=31 (full 4):
 PSYoungGen      total 395776K, used 2403K [0x00000000e0000000, 0x00000000ff180000, 0x0000000100000000)
  eden space 353280K, 0% used [0x00000000e0000000,0x00000000e0000000,0x00000000f5900000)
  from space 42496K, 5% used [0x00000000f5900000,0x00000000f5b58db0,0x00000000f8280000)
  to   space 42496K, 0% used [0x00000000fc800000,0x00000000fc800000,0x00000000ff180000)
 ParOldGen       total 229376K, used 64723K [0x00000000a0000000, 0x00000000ae000000, 0x00000000e0000000)
  object space 229376K, 28% used [0x00000000a0000000,0x00000000a3f34d20,0x00000000ae000000)
 Metaspace       used 94937K, capacity 98376K, committed 98496K, reserved 1134592K
  class space    used 11862K, capacity 12579K, committed 12672K, reserved 1048576K
Event: 357.030 GC heap after
Heap after GC invocations=31 (full 4):
 PSYoungGen      total 395776K, used 0K [0x00000000e0000000, 0x00000000ff180000, 0x0000000100000000)
  eden space 353280K, 0% used [0x00000000e0000000,0x00000000e0000000,0x00000000f5900000)
  from space 42496K, 0% used [0x00000000f5900000,0x00000000f5900000,0x00000000f8280000)
  to   space 42496K, 0% used [0x00000000fc800000,0x00000000fc800000,0x00000000ff180000)
 ParOldGen       total 229376K, used 46038K [0x00000000a0000000, 0x00000000ae000000, 0x00000000e0000000)
  object space 229376K, 20% used [0x00000000a0000000,0x00000000a2cf59d8,0x00000000ae000000)
 Metaspace       used 94804K, capacity 98004K, committed 98496K, reserved 1134592K
  class space    used 11817K, capacity 12499K, committed 12672K, reserved 1048576K
}

